{"service": "publish", "data": {"user": "bot-6dxvm", "channel": "dev", "message": "A documenta\u00e7\u00e3o da nova feature j\u00e1 est\u00e1 no Confluence. (1/10)", "timestamp": "2025-09-17T23:15:58.487408"}}
{"service": "publish", "data": {"user": "bot-t2p5q", "channel": "geral", "message": "Acho que encontrei um bug na API de pagamentos. (1/10)", "timestamp": "2025-09-17T23:15:58.661316"}}
{"service": "publish", "data": {"user": "bot-t2p5q", "channel": "geral", "message": "Algu\u00e9m viu a \u00faltima atualiza\u00e7\u00e3o do projeto? (2/10)", "timestamp": "2025-09-17T23:15:59.314016"}}
{"service": "publish", "data": {"user": "bot-t2p5q", "channel": "geral", "message": "Algu\u00e9m viu a \u00faltima atualiza\u00e7\u00e3o do projeto? (3/10)", "timestamp": "2025-09-17T23:15:59.982605"}}
{"service": "publish", "data": {"user": "bot-6dxvm", "channel": "dev", "message": "Feliz anivers\u00e1rio para o colega do financeiro! (2/10)", "timestamp": "2025-09-17T23:16:00.109649"}}
{"service": "publish", "data": {"user": "bot-t2p5q", "channel": "geral", "message": "Acho que encontrei um bug na API de pagamentos. (4/10)", "timestamp": "2025-09-17T23:16:01.151039"}}
{"service": "publish", "data": {"user": "bot-6dxvm", "channel": "dev", "message": "A documenta\u00e7\u00e3o da nova feature j\u00e1 est\u00e1 no Confluence. (3/10)", "timestamp": "2025-09-17T23:16:01.332992"}}
{"service": "publish", "data": {"user": "bot-t2p5q", "channel": "geral", "message": "Feliz anivers\u00e1rio para o colega do financeiro! (5/10)", "timestamp": "2025-09-17T23:16:02.670979"}}
{"service": "publish", "data": {"user": "bot-6dxvm", "channel": "dev", "message": "Qual o melhor framework para front-end em 2025? (4/10)", "timestamp": "2025-09-17T23:16:02.799453"}}
{"service": "publish", "data": {"user": "bot-6dxvm", "channel": "dev", "message": "Algu\u00e9m viu a \u00faltima atualiza\u00e7\u00e3o do projeto? (5/10)", "timestamp": "2025-09-17T23:16:03.388757"}}
{"service": "publish", "data": {"user": "bot-t2p5q", "channel": "geral", "message": "Algu\u00e9m viu a \u00faltima atualiza\u00e7\u00e3o do projeto? (6/10)", "timestamp": "2025-09-17T23:16:03.630501"}}
{"service": "publish", "data": {"user": "bot-6dxvm", "channel": "dev", "message": "Feliz anivers\u00e1rio para o colega do financeiro! (6/10)", "timestamp": "2025-09-17T23:16:04.658552"}}
{"service": "publish", "data": {"user": "bot-t2p5q", "channel": "geral", "message": "A documenta\u00e7\u00e3o da nova feature j\u00e1 est\u00e1 no Confluence. (7/10)", "timestamp": "2025-09-17T23:16:05.622595"}}
{"service": "publish", "data": {"user": "bot-6dxvm", "channel": "dev", "message": "Algu\u00e9m viu a \u00faltima atualiza\u00e7\u00e3o do projeto? (7/10)", "timestamp": "2025-09-17T23:16:06.651913"}}
{"service": "publish", "data": {"user": "bot-t2p5q", "channel": "geral", "message": "Algu\u00e9m viu a \u00faltima atualiza\u00e7\u00e3o do projeto? (8/10)", "timestamp": "2025-09-17T23:16:06.933884"}}
{"service": "publish", "data": {"user": "bot-t2p5q", "channel": "geral", "message": "A documenta\u00e7\u00e3o da nova feature j\u00e1 est\u00e1 no Confluence. (9/10)", "timestamp": "2025-09-17T23:16:07.728968"}}
{"service": "publish", "data": {"user": "bot-6dxvm", "channel": "dev", "message": "Preciso de ajuda com um container Docker que n\u00e3o sobe. (8/10)", "timestamp": "2025-09-17T23:16:08.175547"}}
{"service": "publish", "data": {"user": "bot-t2p5q", "channel": "geral", "message": "Quem topa um happy hour na sexta? (10/10)", "timestamp": "2025-09-17T23:16:08.786437"}}
{"service": "publish", "data": {"user": "bot-6dxvm", "channel": "dev", "message": "A documenta\u00e7\u00e3o da nova feature j\u00e1 est\u00e1 no Confluence. (9/10)", "timestamp": "2025-09-17T23:16:08.915543"}}
{"service": "publish", "data": {"user": "bot-6dxvm", "channel": "dev", "message": "Qual o melhor framework para front-end em 2025? (10/10)", "timestamp": "2025-09-17T23:16:10.276305"}}
{"service": "publish", "data": {"user": "bot-6dxvm", "channel": "geral", "message": "Lembrete: reuni\u00e3o de alinhamento \u00e0s 15h. (1/10)", "timestamp": "2025-09-17T23:16:16.655137"}}
{"service": "publish", "data": {"user": "bot-6dxvm", "channel": "geral", "message": "Algu\u00e9m viu a \u00faltima atualiza\u00e7\u00e3o do projeto? (2/10)", "timestamp": "2025-09-17T23:16:18.387757"}}
{"service": "publish", "data": {"user": "bot-t2p5q", "channel": "dev", "message": "O caf\u00e9 da m\u00e1quina nova est\u00e1 bom hoje! (1/10)", "timestamp": "2025-09-17T23:16:19.602731"}}
{"service": "publish", "data": {"user": "bot-6dxvm", "channel": "geral", "message": "O caf\u00e9 da m\u00e1quina nova est\u00e1 bom hoje! (3/10)", "timestamp": "2025-09-17T23:16:20.345204"}}
{"service": "publish", "data": {"user": "bot-ibobg", "channel": "Geral", "message": "A documentação da nova feature já está no Confluence. (1/10)", "timestamp": "2025-09-17T23:41:21.192747"}}
{"service": "publish", "data": {"user": "bot-v9fh4", "channel": "Geral", "message": "O deploy de ontem foi um sucesso! (1/10)", "timestamp": "2025-09-17T23:41:21.259911"}}
{"service": "publish", "data": {"user": "bot-v9fh4", "channel": "Geral", "message": "Acho que encontrei um bug na API de pagamentos. (2/10)", "timestamp": "2025-09-17T23:41:22.746821"}}
{"service": "publish", "data": {"user": "bot-ibobg", "channel": "Geral", "message": "Alguém viu a última atualização do projeto? (2/10)", "timestamp": "2025-09-17T23:41:22.878505"}}
{"service": "publish", "data": {"user": "bot-ibobg", "channel": "Geral", "message": "O deploy de ontem foi um sucesso! (3/10)", "timestamp": "2025-09-17T23:41:23.594207"}}
{"service": "publish", "data": {"user": "bot-v9fh4", "channel": "Geral", "message": "Alguém viu a última atualização do projeto? (3/10)", "timestamp": "2025-09-17T23:41:24.295519"}}
{"service": "publish", "data": {"user": "bot-ibobg", "channel": "Geral", "message": "A documentação da nova feature já está no Confluence. (4/10)", "timestamp": "2025-09-17T23:41:24.686101"}}
{"service": "publish", "data": {"user": "bot-v9fh4", "channel": "Geral", "message": "Lembrete: reunião de alinhamento às 15h. (4/10)", "timestamp": "2025-09-17T23:41:26.036918"}}
{"service": "publish", "data": {"user": "bot-ibobg", "channel": "Geral", "message": "Alguém viu a última atualização do projeto? (5/10)", "timestamp": "2025-09-17T23:41:26.474923"}}
{"service": "publish", "data": {"user": "bot-v9fh4", "channel": "Geral", "message": "Alguém viu a última atualização do projeto? (5/10)", "timestamp": "2025-09-17T23:41:26.992859"}}
{"service": "publish", "data": {"user": "bot-ibobg", "channel": "Geral", "message": "Lembrete: reunião de alinhamento às 15h. (6/10)", "timestamp": "2025-09-17T23:41:27.427215"}}
{"service": "publish", "data": {"user": "bot-v9fh4", "channel": "Geral", "message": "Acho que encontrei um bug na API de pagamentos. (6/10)", "timestamp": "2025-09-17T23:41:28.647180"}}
{"service": "publish", "data": {"user": "bot-ibobg", "channel": "Geral", "message": "Qual o melhor framework para front-end em 2025? (7/10)", "timestamp": "2025-09-17T23:41:29.236383"}}
{"service": "publish", "data": {"user": "bot-v9fh4", "channel": "Geral", "message": "O café da máquina nova está bom hoje! (7/10)", "timestamp": "2025-09-17T23:41:29.444210"}}
{"service": "publish", "data": {"user": "bot-ibobg", "channel": "Geral", "message": "Lembrete: reunião de alinhamento às 15h. (8/10)", "timestamp": "2025-09-17T23:41:30.349238"}}
{"service": "publish", "data": {"user": "bot-v9fh4", "channel": "Geral", "message": "Acho que encontrei um bug na API de pagamentos. (8/10)", "timestamp": "2025-09-17T23:41:30.379780"}}
{"service": "publish", "data": {"user": "bot-v9fh4", "channel": "Geral", "message": "Quem topa um happy hour na sexta? (9/10)", "timestamp": "2025-09-17T23:41:31.398410"}}
{"service": "publish", "data": {"user": "bot-ibobg", "channel": "Geral", "message": "Alguém viu a última atualização do projeto? (9/10)", "timestamp": "2025-09-17T23:41:31.776541"}}
{"service": "publish", "data": {"user": "bot-ibobg", "channel": "Geral", "message": "A documentação da nova feature já está no Confluence. (10/10)", "timestamp": "2025-09-17T23:41:32.593801"}}
{"service": "publish", "data": {"user": "bot-v9fh4", "channel": "Geral", "message": "Feliz aniversário para o colega do financeiro! (10/10)", "timestamp": "2025-09-17T23:41:32.862495"}}
{"service": "publish", "data": {"user": "bot-ibobg", "channel": "Geral", "message": "O café da máquina nova está bom hoje! (1/10)", "timestamp": "2025-09-17T23:41:40.258616"}}
{"service": "publish", "data": {"user": "bot-ibobg", "channel": "Geral", "message": "Preciso de ajuda com um container Docker que não sobe. (2/10)", "timestamp": "2025-09-17T23:41:42.048180"}}
{"service": "publish", "data": {"user": "bot-v9fh4", "channel": "Geral", "message": "O café da máquina nova está bom hoje! (1/10)", "timestamp": "2025-09-17T23:41:42.619078"}}
{"service": "publish", "data": {"user": "bot-ibobg", "channel": "Geral", "message": "Alguém viu a última atualização do projeto? (3/10)", "timestamp": "2025-09-17T23:41:43.725164"}}
{"service": "publish", "data": {"user": "bot-v9fh4", "channel": "Geral", "message": "Qual o melhor framework para front-end em 2025? (2/10)", "timestamp": "2025-09-17T23:41:43.904601"}}
{"service": "publish", "data": {"user": "bot-ibobg", "channel": "Geral", "message": "Feliz aniversário para o colega do financeiro! (4/10)", "timestamp": "2025-09-17T23:41:45.390701"}}
{"service": "publish", "data": {"user": "bot-v9fh4", "channel": "Geral", "message": "Quem topa um happy hour na sexta? (3/10)", "timestamp": "2025-09-17T23:41:45.551644"}}
{"service": "publish", "data": {"user": "bot-v9fh4", "channel": "Geral", "message": "Qual o melhor framework para front-end em 2025? (4/10)", "timestamp": "2025-09-17T23:41:46.299802"}}
{"service": "publish", "data": {"user": "bot-v9fh4", "channel": "Geral", "message": "O deploy de ontem foi um sucesso! (5/10)", "timestamp": "2025-09-17T23:41:47.042989"}}
{"service": "publish", "data": {"user": "bot-ibobg", "channel": "Geral", "message": "Preciso de ajuda com um container Docker que não sobe. (5/10)", "timestamp": "2025-09-17T23:41:47.159993"}}
{"service": "publish", "data": {"user": "bot-v9fh4", "channel": "Geral", "message": "O deploy de ontem foi um sucesso! (6/10)", "timestamp": "2025-09-17T23:41:47.917104"}}
{"service": "publish", "data": {"user": "bot-ibobg", "channel": "Geral", "message": "O deploy de ontem foi um sucesso! (6/10)", "timestamp": "2025-09-17T23:41:47.998744"}}
{"service": "publish", "data": {"user": "bot-ibobg", "channel": "Geral", "message": "Acho que encontrei um bug na API de pagamentos. (7/10)", "timestamp": "2025-09-17T23:41:48.534418"}}
{"service": "publish", "data": {"user": "bot-v9fh4", "channel": "Geral", "message": "O café da máquina nova está bom hoje! (7/10)", "timestamp": "2025-09-17T23:41:49.807625"}}
{"service": "publish", "data": {"user": "bot-ibobg", "channel": "Geral", "message": "Acho que encontrei um bug na API de pagamentos. (8/10)", "timestamp": "2025-09-17T23:41:49.969417"}}
{"service": "publish", "data": {"user": "bot-v9fh4", "channel": "Geral", "message": "O café da máquina nova está bom hoje! (8/10)", "timestamp": "2025-09-17T23:41:50.890628"}}
{"service": "publish", "data": {"user": "bot-ibobg", "channel": "Geral", "message": "Quem topa um happy hour na sexta? (9/10)", "timestamp": "2025-09-17T23:41:51.524752"}}
{"service": "publish", "data": {"user": "bot-v9fh4", "channel": "Geral", "message": "Acho que encontrei um bug na API de pagamentos. (9/10)", "timestamp": "2025-09-17T23:41:51.550944"}}
{"service": "publish", "data": {"user": "bot-ibobg", "channel": "Geral", "message": "Alguém viu a última atualização do projeto? (10/10)", "timestamp": "2025-09-17T23:41:52.196959"}}
{"service": "publish", "data": {"user": "bot-v9fh4", "channel": "Geral", "message": "Quem topa um happy hour na sexta? (10/10)", "timestamp": "2025-09-17T23:41:53.537209"}}
{"service": "publish", "data": {"user": "bot-v9fh4", "channel": "Geral", "message": "Feliz aniversário para o colega do financeiro! (1/10)", "timestamp": "2025-09-17T23:42:00.061177"}}
{"service": "publish", "data": {"user": "bot-v9fh4", "channel": "Geral", "message": "O café da máquina nova está bom hoje! (2/10)", "timestamp": "2025-09-17T23:42:02.027575"}}
{"service": "publish", "data": {"user": "bot-v9fh4", "channel": "Geral", "message": "O café da máquina nova está bom hoje! (3/10)", "timestamp": "2025-09-17T23:42:02.566204"}}
{"service": "publish", "data": {"user": "bot-v9fh4", "channel": "Geral", "message": "O deploy de ontem foi um sucesso! (4/10)", "timestamp": "2025-09-17T23:42:03.600219"}}
{"service": "publish", "data": {"user": "bot-v9fh4", "channel": "Geral", "message": "Acho que encontrei um bug na API de pagamentos. (5/10)", "timestamp": "2025-09-17T23:42:04.641268"}}
{"service": "publish", "data": {"user": "bot-ibobg", "channel": "Geral", "message": "Feliz aniversário para o colega do financeiro! (1/10)", "timestamp": "2025-09-17T23:42:05.589995"}}
{"service": "publish", "data": {"user": "bot-v9fh4", "channel": "Geral", "message": "Preciso de ajuda com um container Docker que não sobe. (6/10)", "timestamp": "2025-09-17T23:42:06.591167"}}
{"service": "publish", "data": {"user": "bot-ibobg", "channel": "Geral", "message": "Quem topa um happy hour na sexta? (2/10)", "timestamp": "2025-09-17T23:42:07.551946"}}
{"service": "publish", "data": {"user": "bot-v9fh4", "channel": "Geral", "message": "Preciso de ajuda com um container Docker que não sobe. (7/10)", "timestamp": "2025-09-17T23:42:08.077375"}}
{"service": "publish", "data": {"user": "bot-ibobg", "channel": "Geral", "message": "Qual o melhor framework para front-end em 2025? (3/10)", "timestamp": "2025-09-17T23:42:08.835933"}}
{"service": "publish", "data": {"user": "bot-v9fh4", "channel": "Geral", "message": "Qual o melhor framework para front-end em 2025? (8/10)", "timestamp": "2025-09-17T23:42:09.000202"}}
{"service": "publish", "data": {"user": "bot-ibobg", "channel": "Geral", "message": "Quem topa um happy hour na sexta? (4/10)", "timestamp": "2025-09-17T23:42:09.658829"}}
{"service": "publish", "data": {"user": "bot-v9fh4", "channel": "Geral", "message": "A documentação da nova feature já está no Confluence. (9/10)", "timestamp": "2025-09-17T23:42:10.200211"}}
{"service": "publish", "data": {"user": "bot-ibobg", "channel": "Geral", "message": "Acho que encontrei um bug na API de pagamentos. (5/10)", "timestamp": "2025-09-17T23:42:10.349500"}}
{"service": "publish", "data": {"user": "bot-v9fh4", "channel": "Geral", "message": "Acho que encontrei um bug na API de pagamentos. (10/10)", "timestamp": "2025-09-17T23:42:11.475588"}}
{"service": "publish", "data": {"user": "bot-ibobg", "channel": "Geral", "message": "Feliz aniversário para o colega do financeiro! (6/10)", "timestamp": "2025-09-17T23:42:11.693388"}}
{"service": "publish", "data": {"user": "bot-ibobg", "channel": "Geral", "message": "Quem topa um happy hour na sexta? (7/10)", "timestamp": "2025-09-17T23:42:12.836057"}}
{"service": "publish", "data": {"user": "bot-ibobg", "channel": "Geral", "message": "Feliz aniversário para o colega do financeiro! (8/10)", "timestamp": "2025-09-17T23:42:13.419505"}}
{"service": "publish", "data": {"user": "bot-ibobg", "channel": "Geral", "message": "O café da máquina nova está bom hoje! (9/10)", "timestamp": "2025-09-17T23:42:14.934404"}}
{"service": "publish", "data": {"user": "bot-ibobg", "channel": "Geral", "message": "Qual o melhor framework para front-end em 2025? (10/10)", "timestamp": "2025-09-17T23:42:16.314474"}}
{"service": "publish", "data": {"user": "bot-v9fh4", "channel": "Geral", "message": "Lembrete: reunião de alinhamento às 15h. (1/10)", "timestamp": "2025-09-17T23:42:17.497527"}}
{"service": "publish", "data": {"user": "bot-v9fh4", "channel": "Geral", "message": "Alguém viu a última atualização do projeto? (2/10)", "timestamp": "2025-09-17T23:42:18.092894"}}
{"service": "publish", "data": {"user": "bot-v9fh4", "channel": "Geral", "message": "O café da máquina nova está bom hoje! (3/10)", "timestamp": "2025-09-17T23:42:19.023208"}}
{"service": "publish", "data": {"user": "bot-v9fh4", "channel": "Geral", "message": "Acho que encontrei um bug na API de pagamentos. (4/10)", "timestamp": "2025-09-17T23:42:20.794079"}}
{"service": "publish", "data": {"user": "bot-v9fh4", "channel": "Geral", "message": "Quem topa um happy hour na sexta? (5/10)", "timestamp": "2025-09-17T23:42:21.410396"}}
{"service": "publish", "data": {"user": "bot-v9fh4", "channel": "Geral", "message": "O deploy de ontem foi um sucesso! (6/10)", "timestamp": "2025-09-17T23:42:23.081806"}}
{"service": "publish", "data": {"user": "bot-v9fh4", "channel": "Geral", "message": "O deploy de ontem foi um sucesso! (7/10)", "timestamp": "2025-09-17T23:42:23.790827"}}
{"service": "publish", "data": {"user": "bot-ibobg", "channel": "Geral", "message": "Qual o melhor framework para front-end em 2025? (1/10)", "timestamp": "2025-09-17T23:42:23.952033"}}
{"service": "publish", "data": {"user": "bot-v9fh4", "channel": "Geral", "message": "Qual o melhor framework para front-end em 2025? (8/10)", "timestamp": "2025-09-17T23:42:24.403216"}}
{"service": "publish", "data": {"user": "bot-ibobg", "channel": "Geral", "message": "O café da máquina nova está bom hoje! (2/10)", "timestamp": "2025-09-17T23:42:24.871753"}}
{"service": "publish", "data": {"user": "bot-ibobg", "channel": "Geral", "message": "O deploy de ontem foi um sucesso! (3/10)", "timestamp": "2025-09-17T23:42:25.543316"}}
{"service": "publish", "data": {"user": "bot-v9fh4", "channel": "Geral", "message": "Acho que encontrei um bug na API de pagamentos. (9/10)", "timestamp": "2025-09-17T23:42:26.343839"}}
{"service": "publish", "data": {"user": "bot-ibobg", "channel": "Geral", "message": "Acho que encontrei um bug na API de pagamentos. (4/10)", "timestamp": "2025-09-17T23:42:26.882397"}}
{"service": "publish", "data": {"user": "bot-v9fh4", "channel": "Geral", "message": "Feliz aniversário para o colega do financeiro! (10/10)", "timestamp": "2025-09-17T23:42:27.626025"}}
{"service": "publish", "data": {"user": "bot-ibobg", "channel": "Geral", "message": "Preciso de ajuda com um container Docker que não sobe. (5/10)", "timestamp": "2025-09-17T23:42:28.336540"}}
{"service": "publish", "data": {"user": "bot-ibobg", "channel": "Geral", "message": "O café da máquina nova está bom hoje! (6/10)", "timestamp": "2025-09-17T23:42:28.911437"}}
{"service": "publish", "data": {"user": "bot-ibobg", "channel": "Geral", "message": "Qual o melhor framework para front-end em 2025? (7/10)", "timestamp": "2025-09-17T23:42:30.751165"}}
{"service": "publish", "data": {"user": "bot-ibobg", "channel": "Geral", "message": "Feliz aniversário para o colega do financeiro! (8/10)", "timestamp": "2025-09-17T23:42:32.029749"}}
{"service": "publish", "data": {"user": "bot-ibobg", "channel": "Geral", "message": "O deploy de ontem foi um sucesso! (9/10)", "timestamp": "2025-09-17T23:42:32.711046"}}
{"service": "publish", "data": {"user": "bot-ibobg", "channel": "Geral", "message": "Alguém viu a última atualização do projeto? (10/10)", "timestamp": "2025-09-17T23:42:33.236452"}}
{"service": "publish", "data": {"user": "bot-v9fh4", "channel": "Geral", "message": "Lembrete: reunião de alinhamento às 15h. (1/10)", "timestamp": "2025-09-17T23:42:36.889240"}}
{"service": "publish", "data": {"user": "bot-v9fh4", "channel": "Geral", "message": "Quem topa um happy hour na sexta? (2/10)", "timestamp": "2025-09-17T23:42:37.606674"}}
{"service": "publish", "data": {"user": "bot-v9fh4", "channel": "Geral", "message": "O café da máquina nova está bom hoje! (3/10)", "timestamp": "2025-09-17T23:42:39.514245"}}
{"service": "publish", "data": {"user": "bot-v9fh4", "channel": "Geral", "message": "A documentação da nova feature já está no Confluence. (4/10)", "timestamp": "2025-09-17T23:42:40.490843"}}
{"service": "publish", "data": {"user": "bot-v9fh4", "channel": "Geral", "message": "A documentação da nova feature já está no Confluence. (5/10)", "timestamp": "2025-09-17T23:42:41.973615"}}
{"service": "publish", "data": {"user": "bot-ibobg", "channel": "Geral", "message": "Lembrete: reunião de alinhamento às 15h. (1/10)", "timestamp": "2025-09-17T23:42:42.274612"}}
{"service": "publish", "data": {"user": "bot-v9fh4", "channel": "Geral", "message": "O café da máquina nova está bom hoje! (6/10)", "timestamp": "2025-09-17T23:42:43.038385"}}
{"service": "publish", "data": {"user": "bot-ibobg", "channel": "Geral", "message": "O café da máquina nova está bom hoje! (2/10)", "timestamp": "2025-09-17T23:42:43.322203"}}
{"service": "publish", "data": {"user": "bot-v9fh4", "channel": "Geral", "message": "A documentação da nova feature já está no Confluence. (7/10)", "timestamp": "2025-09-17T23:42:43.644123"}}
{"service": "publish", "data": {"user": "bot-ibobg", "channel": "Geral", "message": "O café da máquina nova está bom hoje! (3/10)", "timestamp": "2025-09-17T23:42:44.111300"}}
{"service": "publish", "data": {"user": "bot-v9fh4", "channel": "Geral", "message": "O deploy de ontem foi um sucesso! (8/10)", "timestamp": "2025-09-17T23:42:44.620989"}}
{"service": "publish", "data": {"user": "bot-ibobg", "channel": "Geral", "message": "Alguém viu a última atualização do projeto? (4/10)", "timestamp": "2025-09-17T23:42:45.504206"}}
{"service": "publish", "data": {"user": "bot-v9fh4", "channel": "Geral", "message": "Lembrete: reunião de alinhamento às 15h. (9/10)", "timestamp": "2025-09-17T23:42:45.621272"}}
{"service": "publish", "data": {"user": "bot-ibobg", "channel": "Geral", "message": "O deploy de ontem foi um sucesso! (5/10)", "timestamp": "2025-09-17T23:42:46.831310"}}
{"service": "publish", "data": {"user": "bot-v9fh4", "channel": "Geral", "message": "Acho que encontrei um bug na API de pagamentos. (10/10)", "timestamp": "2025-09-17T23:42:47.485044"}}
{"service": "publish", "data": {"user": "bot-ibobg", "channel": "Geral", "message": "Quem topa um happy hour na sexta? (6/10)", "timestamp": "2025-09-17T23:42:47.552661"}}
{"service": "publish", "data": {"user": "bot-ibobg", "channel": "Geral", "message": "Feliz aniversário para o colega do financeiro! (7/10)", "timestamp": "2025-09-17T23:42:48.812495"}}
{"service": "publish", "data": {"user": "bot-ibobg", "channel": "Geral", "message": "Alguém viu a última atualização do projeto? (8/10)", "timestamp": "2025-09-17T23:42:49.781435"}}
{"service": "publish", "data": {"user": "bot-ibobg", "channel": "Geral", "message": "Preciso de ajuda com um container Docker que não sobe. (9/10)", "timestamp": "2025-09-17T23:42:51.659220"}}
{"service": "publish", "data": {"user": "bot-ibobg", "channel": "Geral", "message": "O café da máquina nova está bom hoje! (10/10)", "timestamp": "2025-09-17T23:42:52.679910"}}
{"service": "publish", "data": {"user": "bot-v9fh4", "channel": "Geral", "message": "Alguém viu a última atualização do projeto? (1/10)", "timestamp": "2025-09-17T23:42:58.910335"}}
{"service": "publish", "data": {"user": "bot-v9fh4", "channel": "Geral", "message": "O deploy de ontem foi um sucesso! (2/10)", "timestamp": "2025-09-17T23:43:00.574502"}}
{"service": "publish", "data": {"user": "bot-v9fh4", "channel": "Geral", "message": "Qual o melhor framework para front-end em 2025? (3/10)", "timestamp": "2025-09-17T23:43:02.170949"}}
{"service": "publish", "data": {"user": "bot-v9fh4", "channel": "Geral", "message": "O café da máquina nova está bom hoje! (4/10)", "timestamp": "2025-09-17T23:43:03.451241"}}
{"service": "publish", "data": {"user": "bot-v9fh4", "channel": "Geral", "message": "Feliz aniversário para o colega do financeiro! (5/10)", "timestamp": "2025-09-17T23:43:04.299561"}}
{"service": "publish", "data": {"user": "bot-v9fh4", "channel": "Geral", "message": "Lembrete: reunião de alinhamento às 15h. (6/10)", "timestamp": "2025-09-17T23:43:05.160849"}}
{"service": "publish", "data": {"user": "bot-ibobg", "channel": "Geral", "message": "A documentação da nova feature já está no Confluence. (1/10)", "timestamp": "2025-09-17T23:43:06.411506"}}
{"service": "publish", "data": {"user": "bot-v9fh4", "channel": "Geral", "message": "Quem topa um happy hour na sexta? (7/10)", "timestamp": "2025-09-17T23:43:07.080124"}}
{"service": "publish", "data": {"user": "bot-ibobg", "channel": "Geral", "message": "Acho que encontrei um bug na API de pagamentos. (2/10)", "timestamp": "2025-09-17T23:43:07.411200"}}
{"service": "publish", "data": {"user": "bot-ibobg", "channel": "Geral", "message": "Preciso de ajuda com um container Docker que não sobe. (3/10)", "timestamp": "2025-09-17T23:43:07.999464"}}
{"service": "publish", "data": {"user": "bot-ibobg", "channel": "Geral", "message": "O café da máquina nova está bom hoje! (4/10)", "timestamp": "2025-09-17T23:43:08.503597"}}
{"service": "publish", "data": {"user": "bot-v9fh4", "channel": "Geral", "message": "A documentação da nova feature já está no Confluence. (8/10)", "timestamp": "2025-09-17T23:43:08.971010"}}
{"service": "publish", "data": {"user": "bot-ibobg", "channel": "Geral", "message": "A documentação da nova feature já está no Confluence. (5/10)", "timestamp": "2025-09-17T23:43:09.209556"}}
{"service": "publish", "data": {"user": "bot-v9fh4", "channel": "Geral", "message": "Qual o melhor framework para front-end em 2025? (9/10)", "timestamp": "2025-09-17T23:43:09.587311"}}
{"service": "publish", "data": {"user": "bot-ibobg", "channel": "Geral", "message": "O deploy de ontem foi um sucesso! (6/10)", "timestamp": "2025-09-17T23:43:09.761994"}}
{"service": "publish", "data": {"user": "bot-v9fh4", "channel": "Geral", "message": "Acho que encontrei um bug na API de pagamentos. (10/10)", "timestamp": "2025-09-17T23:43:10.617312"}}
{"service": "publish", "data": {"user": "bot-ibobg", "channel": "Geral", "message": "Lembrete: reunião de alinhamento às 15h. (7/10)", "timestamp": "2025-09-17T23:43:11.032293"}}
{"service": "publish", "data": {"user": "bot-ibobg", "channel": "Geral", "message": "Alguém viu a última atualização do projeto? (8/10)", "timestamp": "2025-09-17T23:43:12.624774"}}
{"service": "publish", "data": {"user": "bot-ibobg", "channel": "Geral", "message": "Qual o melhor framework para front-end em 2025? (9/10)", "timestamp": "2025-09-17T23:43:13.880386"}}
{"service": "publish", "data": {"user": "bot-ibobg", "channel": "Geral", "message": "Acho que encontrei um bug na API de pagamentos. (10/10)", "timestamp": "2025-09-17T23:43:15.846214"}}
{"service": "publish", "data": {"user": "bot-v9fh4", "channel": "Geral", "message": "Feliz aniversário para o colega do financeiro! (1/10)", "timestamp": "2025-09-17T23:43:24.973020"}}
{"service": "publish", "data": {"user": "bot-v9fh4", "channel": "Geral", "message": "Lembrete: reunião de alinhamento às 15h. (2/10)", "timestamp": "2025-09-17T23:43:26.847216"}}
{"service": "publish", "data": {"user": "bot-v9fh4", "channel": "Geral", "message": "Alguém viu a última atualização do projeto? (3/10)", "timestamp": "2025-09-17T23:43:27.914903"}}
{"service": "publish", "data": {"user": "bot-ibobg", "channel": "Geral", "message": "Feliz aniversário para o colega do financeiro! (1/10)", "timestamp": "2025-09-17T23:43:28.677662"}}
{"service": "publish", "data": {"user": "bot-v9fh4", "channel": "Geral", "message": "Alguém viu a última atualização do projeto? (4/10)", "timestamp": "2025-09-17T23:43:29.747372"}}
{"service": "publish", "data": {"user": "bot-ibobg", "channel": "Geral", "message": "Lembrete: reunião de alinhamento às 15h. (2/10)", "timestamp": "2025-09-17T23:43:30.588743"}}
{"service": "publish", "data": {"user": "bot-v9fh4", "channel": "Geral", "message": "O deploy de ontem foi um sucesso! (5/10)", "timestamp": "2025-09-17T23:43:31.643384"}}
{"service": "publish", "data": {"user": "bot-ibobg", "channel": "Geral", "message": "Alguém viu a última atualização do projeto? (3/10)", "timestamp": "2025-09-17T23:43:31.746878"}}
{"service": "publish", "data": {"user": "bot-v9fh4", "channel": "Geral", "message": "Alguém viu a última atualização do projeto? (6/10)", "timestamp": "2025-09-17T23:43:32.224157"}}
{"service": "publish", "data": {"user": "bot-v9fh4", "channel": "Geral", "message": "Alguém viu a última atualização do projeto? (7/10)", "timestamp": "2025-09-17T23:43:33.144191"}}
{"service": "publish", "data": {"user": "bot-ibobg", "channel": "Geral", "message": "Alguém viu a última atualização do projeto? (4/10)", "timestamp": "2025-09-17T23:43:33.626405"}}
{"service": "publish", "data": {"user": "bot-v9fh4", "channel": "Geral", "message": "A documentação da nova feature já está no Confluence. (8/10)", "timestamp": "2025-09-17T23:43:34.483558"}}
{"service": "publish", "data": {"user": "bot-ibobg", "channel": "Geral", "message": "Acho que encontrei um bug na API de pagamentos. (5/10)", "timestamp": "2025-09-17T23:43:35.242096"}}
{"service": "publish", "data": {"user": "bot-v9fh4", "channel": "Geral", "message": "Feliz aniversário para o colega do financeiro! (9/10)", "timestamp": "2025-09-17T23:43:35.347648"}}
{"service": "publish", "data": {"user": "bot-v9fh4", "channel": "Geral", "message": "Lembrete: reunião de alinhamento às 15h. (10/10)", "timestamp": "2025-09-17T23:43:36.219401"}}
{"service": "publish", "data": {"user": "bot-ibobg", "channel": "Geral", "message": "Acho que encontrei um bug na API de pagamentos. (6/10)", "timestamp": "2025-09-17T23:43:36.401912"}}
{"service": "publish", "data": {"user": "bot-ibobg", "channel": "Geral", "message": "Acho que encontrei um bug na API de pagamentos. (7/10)", "timestamp": "2025-09-17T23:43:36.959801"}}
{"service": "publish", "data": {"user": "bot-ibobg", "channel": "Geral", "message": "Feliz aniversário para o colega do financeiro! (8/10)", "timestamp": "2025-09-17T23:43:37.690190"}}
{"service": "publish", "data": {"user": "bot-ibobg", "channel": "Geral", "message": "O deploy de ontem foi um sucesso! (9/10)", "timestamp": "2025-09-17T23:43:38.627121"}}
{"service": "publish", "data": {"user": "bot-ibobg", "channel": "Geral", "message": "Feliz aniversário para o colega do financeiro! (10/10)", "timestamp": "2025-09-17T23:43:39.641217"}}
{"service": "publish", "data": {"user": "bot-ibobg", "channel": "Geral", "message": "Acho que encontrei um bug na API de pagamentos. (1/10)", "timestamp": "2025-09-17T23:43:47.371674"}}
{"service": "publish", "data": {"user": "bot-ibobg", "channel": "Geral", "message": "Acho que encontrei um bug na API de pagamentos. (2/10)", "timestamp": "2025-09-17T23:43:48.537246"}}
{"service": "publish", "data": {"user": "bot-v9fh4", "channel": "Geral", "message": "Acho que encontrei um bug na API de pagamentos. (1/10)", "timestamp": "2025-09-17T23:43:48.829349"}}
{"service": "publish", "data": {"user": "bot-ibobg", "channel": "Geral", "message": "Preciso de ajuda com um container Docker que não sobe. (3/10)", "timestamp": "2025-09-17T23:43:49.093343"}}
{"service": "publish", "data": {"user": "bot-v9fh4", "channel": "Geral", "message": "Lembrete: reunião de alinhamento às 15h. (2/10)", "timestamp": "2025-09-17T23:43:49.395363"}}
{"service": "publish", "data": {"user": "bot-ibobg", "channel": "Geral", "message": "Acho que encontrei um bug na API de pagamentos. (4/10)", "timestamp": "2025-09-17T23:43:50.575739"}}
{"service": "publish", "data": {"user": "bot-v9fh4", "channel": "Geral", "message": "O deploy de ontem foi um sucesso! (3/10)", "timestamp": "2025-09-17T23:43:50.653760"}}
{"service": "publish", "data": {"user": "bot-ibobg", "channel": "Geral", "message": "O deploy de ontem foi um sucesso! (5/10)", "timestamp": "2025-09-17T23:43:51.802842"}}
{"service": "publish", "data": {"user": "bot-v9fh4", "channel": "Geral", "message": "O deploy de ontem foi um sucesso! (4/10)", "timestamp": "2025-09-17T23:43:51.869208"}}
{"service": "publish", "data": {"user": "bot-v9fh4", "channel": "Geral", "message": "Quem topa um happy hour na sexta? (5/10)", "timestamp": "2025-09-17T23:43:52.730134"}}
{"service": "publish", "data": {"user": "bot-ibobg", "channel": "Geral", "message": "Quem topa um happy hour na sexta? (6/10)", "timestamp": "2025-09-17T23:43:53.236062"}}
{"service": "publish", "data": {"user": "bot-ibobg", "channel": "Geral", "message": "Qual o melhor framework para front-end em 2025? (7/10)", "timestamp": "2025-09-17T23:43:53.903208"}}
{"service": "publish", "data": {"user": "bot-v9fh4", "channel": "Geral", "message": "O deploy de ontem foi um sucesso! (6/10)", "timestamp": "2025-09-17T23:43:54.093676"}}
{"service": "publish", "data": {"user": "bot-ibobg", "channel": "Geral", "message": "O deploy de ontem foi um sucesso! (8/10)", "timestamp": "2025-09-17T23:43:55.453243"}}
{"service": "publish", "data": {"user": "bot-v9fh4", "channel": "Geral", "message": "O deploy de ontem foi um sucesso! (7/10)", "timestamp": "2025-09-17T23:43:55.701388"}}
{"service": "publish", "data": {"user": "bot-ibobg", "channel": "Geral", "message": "Alguém viu a última atualização do projeto? (9/10)", "timestamp": "2025-09-17T23:43:56.412984"}}
{"service": "publish", "data": {"user": "bot-v9fh4", "channel": "Geral", "message": "Preciso de ajuda com um container Docker que não sobe. (8/10)", "timestamp": "2025-09-17T23:43:56.912165"}}
{"service": "publish", "data": {"user": "bot-ibobg", "channel": "Geral", "message": "A documentação da nova feature já está no Confluence. (10/10)", "timestamp": "2025-09-17T23:43:57.989211"}}
{"service": "publish", "data": {"user": "bot-v9fh4", "channel": "Geral", "message": "Preciso de ajuda com um container Docker que não sobe. (9/10)", "timestamp": "2025-09-17T23:43:58.053113"}}
{"service": "publish", "data": {"user": "bot-v9fh4", "channel": "Geral", "message": "O deploy de ontem foi um sucesso! (10/10)", "timestamp": "2025-09-17T23:43:59.273059"}}
{"service": "publish", "data": {"user": "bot-ibobg", "channel": "Geral", "message": "Lembrete: reunião de alinhamento às 15h. (1/10)", "timestamp": "2025-09-17T23:44:04.801924"}}
{"service": "publish", "data": {"user": "bot-ibobg", "channel": "Geral", "message": "A documentação da nova feature já está no Confluence. (2/10)", "timestamp": "2025-09-17T23:44:06.721407"}}
{"service": "publish", "data": {"user": "bot-ibobg", "channel": "Geral", "message": "A documentação da nova feature já está no Confluence. (3/10)", "timestamp": "2025-09-17T23:44:07.563296"}}
{"service": "publish", "data": {"user": "bot-ibobg", "channel": "Geral", "message": "O deploy de ontem foi um sucesso! (4/10)", "timestamp": "2025-09-17T23:44:08.543613"}}
{"service": "publish", "data": {"user": "bot-ibobg", "channel": "Geral", "message": "Alguém viu a última atualização do projeto? (5/10)", "timestamp": "2025-09-17T23:44:10.524764"}}
{"service": "publish", "data": {"user": "bot-v9fh4", "channel": "Geral", "message": "O café da máquina nova está bom hoje! (1/10)", "timestamp": "2025-09-17T23:44:11.599205"}}
{"service": "publish", "data": {"user": "bot-ibobg", "channel": "Geral", "message": "Alguém viu a última atualização do projeto? (6/10)", "timestamp": "2025-09-17T23:44:12.142328"}}
{"service": "publish", "data": {"user": "bot-v9fh4", "channel": "Geral", "message": "Feliz aniversário para o colega do financeiro! (2/10)", "timestamp": "2025-09-17T23:44:12.357992"}}
{"service": "publish", "data": {"user": "bot-ibobg", "channel": "Geral", "message": "Quem topa um happy hour na sexta? (7/10)", "timestamp": "2025-09-17T23:44:13.510136"}}
{"service": "publish", "data": {"user": "bot-v9fh4", "channel": "Geral", "message": "Quem topa um happy hour na sexta? (3/10)", "timestamp": "2025-09-17T23:44:13.539109"}}
{"service": "publish", "data": {"user": "bot-ibobg", "channel": "Geral", "message": "Preciso de ajuda com um container Docker que não sobe. (8/10)", "timestamp": "2025-09-17T23:44:14.306212"}}
{"service": "publish", "data": {"user": "bot-v9fh4", "channel": "Geral", "message": "Feliz aniversário para o colega do financeiro! (4/10)", "timestamp": "2025-09-17T23:44:15.082124"}}
{"service": "publish", "data": {"user": "bot-ibobg", "channel": "Geral", "message": "Lembrete: reunião de alinhamento às 15h. (9/10)", "timestamp": "2025-09-17T23:44:15.370725"}}
{"service": "publish", "data": {"user": "bot-v9fh4", "channel": "Geral", "message": "Preciso de ajuda com um container Docker que não sobe. (5/10)", "timestamp": "2025-09-17T23:44:16.204958"}}
{"service": "publish", "data": {"user": "bot-ibobg", "channel": "Geral", "message": "Quem topa um happy hour na sexta? (10/10)", "timestamp": "2025-09-17T23:44:16.685210"}}
{"service": "publish", "data": {"user": "bot-v9fh4", "channel": "Geral", "message": "Alguém viu a última atualização do projeto? (6/10)", "timestamp": "2025-09-17T23:44:17.242160"}}
{"service": "publish", "data": {"user": "bot-v9fh4", "channel": "Geral", "message": "Quem topa um happy hour na sexta? (7/10)", "timestamp": "2025-09-17T23:44:18.404208"}}
{"service": "publish", "data": {"user": "bot-v9fh4", "channel": "Geral", "message": "A documentação da nova feature já está no Confluence. (8/10)", "timestamp": "2025-09-17T23:44:20.048465"}}
{"service": "publish", "data": {"user": "bot-v9fh4", "channel": "Geral", "message": "Acho que encontrei um bug na API de pagamentos. (9/10)", "timestamp": "2025-09-17T23:44:20.578969"}}
{"service": "publish", "data": {"user": "bot-v9fh4", "channel": "Geral", "message": "Acho que encontrei um bug na API de pagamentos. (10/10)", "timestamp": "2025-09-17T23:44:21.509286"}}
{"service": "publish", "data": {"user": "bot-ibobg", "channel": "Geral", "message": "Acho que encontrei um bug na API de pagamentos. (1/10)", "timestamp": "2025-09-17T23:44:26.596927"}}
{"service": "publish", "data": {"user": "bot-ibobg", "channel": "Geral", "message": "Preciso de ajuda com um container Docker que não sobe. (2/10)", "timestamp": "2025-09-17T23:44:27.778200"}}
{"service": "publish", "data": {"user": "bot-ibobg", "channel": "Geral", "message": "Quem topa um happy hour na sexta? (3/10)", "timestamp": "2025-09-17T23:44:28.640866"}}
{"service": "publish", "data": {"user": "bot-ibobg", "channel": "Geral", "message": "Quem topa um happy hour na sexta? (4/10)", "timestamp": "2025-09-17T23:44:30.169797"}}
{"service": "publish", "data": {"user": "bot-ibobg", "channel": "Geral", "message": "Feliz aniversário para o colega do financeiro! (5/10)", "timestamp": "2025-09-17T23:44:30.929339"}}
{"service": "publish", "data": {"user": "bot-ibobg", "channel": "Geral", "message": "Alguém viu a última atualização do projeto? (6/10)", "timestamp": "2025-09-17T23:44:32.303785"}}
{"service": "publish", "data": {"user": "bot-ibobg", "channel": "Geral", "message": "Quem topa um happy hour na sexta? (7/10)", "timestamp": "2025-09-17T23:44:33.512602"}}
{"service": "publish", "data": {"user": "bot-v9fh4", "channel": "Geral", "message": "Quem topa um happy hour na sexta? (1/10)", "timestamp": "2025-09-17T23:44:33.998061"}}
{"service": "publish", "data": {"user": "bot-ibobg", "channel": "Geral", "message": "O café da máquina nova está bom hoje! (8/10)", "timestamp": "2025-09-17T23:44:34.465941"}}
{"service": "publish", "data": {"user": "bot-ibobg", "channel": "Geral", "message": "Quem topa um happy hour na sexta? (9/10)", "timestamp": "2025-09-17T23:44:35.325725"}}
{"service": "publish", "data": {"user": "bot-v9fh4", "channel": "Geral", "message": "A documentação da nova feature já está no Confluence. (2/10)", "timestamp": "2025-09-17T23:44:35.924681"}}
{"service": "publish", "data": {"user": "bot-ibobg", "channel": "Geral", "message": "Qual o melhor framework para front-end em 2025? (10/10)", "timestamp": "2025-09-17T23:44:36.952206"}}
{"service": "publish", "data": {"user": "bot-v9fh4", "channel": "Geral", "message": "Preciso de ajuda com um container Docker que não sobe. (3/10)", "timestamp": "2025-09-17T23:44:37.753633"}}
{"service": "publish", "data": {"user": "bot-v9fh4", "channel": "Geral", "message": "Qual o melhor framework para front-end em 2025? (4/10)", "timestamp": "2025-09-17T23:44:39.405974"}}
{"service": "publish", "data": {"user": "bot-v9fh4", "channel": "Geral", "message": "O deploy de ontem foi um sucesso! (5/10)", "timestamp": "2025-09-17T23:44:41.118225"}}
{"service": "publish", "data": {"user": "bot-v9fh4", "channel": "Geral", "message": "Alguém viu a última atualização do projeto? (6/10)", "timestamp": "2025-09-17T23:44:41.638211"}}
{"service": "publish", "data": {"user": "bot-v9fh4", "channel": "Geral", "message": "O café da máquina nova está bom hoje! (7/10)", "timestamp": "2025-09-17T23:44:43.531225"}}
{"service": "publish", "data": {"user": "bot-v9fh4", "channel": "Geral", "message": "Alguém viu a última atualização do projeto? (8/10)", "timestamp": "2025-09-17T23:44:44.906672"}}
{"service": "publish", "data": {"user": "bot-v9fh4", "channel": "Geral", "message": "Alguém viu a última atualização do projeto? (9/10)", "timestamp": "2025-09-17T23:44:46.110520"}}
{"service": "publish", "data": {"user": "bot-v9fh4", "channel": "Geral", "message": "Qual o melhor framework para front-end em 2025? (10/10)", "timestamp": "2025-09-17T23:44:46.912057"}}
{"service": "publish", "data": {"user": "bot-ibobg", "channel": "Geral", "message": "Quem topa um happy hour na sexta? (1/10)", "timestamp": "2025-09-17T23:44:47.140561"}}
{"service": "publish", "data": {"user": "bot-ibobg", "channel": "Geral", "message": "Quem topa um happy hour na sexta? (2/10)", "timestamp": "2025-09-17T23:44:48.308188"}}
{"service": "publish", "data": {"user": "bot-ibobg", "channel": "Geral", "message": "A documentação da nova feature já está no Confluence. (3/10)", "timestamp": "2025-09-17T23:44:49.547057"}}
{"service": "publish", "data": {"user": "bot-ibobg", "channel": "Geral", "message": "Acho que encontrei um bug na API de pagamentos. (4/10)", "timestamp": "2025-09-17T23:44:50.506180"}}
{"service": "publish", "data": {"user": "bot-ibobg", "channel": "Geral", "message": "Feliz aniversário para o colega do financeiro! (5/10)", "timestamp": "2025-09-17T23:44:52.101099"}}
{"service": "publish", "data": {"user": "bot-ibobg", "channel": "Geral", "message": "A documentação da nova feature já está no Confluence. (6/10)", "timestamp": "2025-09-17T23:44:53.770953"}}
{"service": "publish", "data": {"user": "bot-ibobg", "channel": "Geral", "message": "Acho que encontrei um bug na API de pagamentos. (7/10)", "timestamp": "2025-09-17T23:44:55.419072"}}
{"service": "publish", "data": {"user": "bot-ibobg", "channel": "Geral", "message": "Qual o melhor framework para front-end em 2025? (8/10)", "timestamp": "2025-09-17T23:44:57.290559"}}
{"service": "publish", "data": {"user": "bot-v9fh4", "channel": "Geral", "message": "Qual o melhor framework para front-end em 2025? (1/10)", "timestamp": "2025-09-17T23:44:59.038138"}}
{"service": "publish", "data": {"user": "bot-ibobg", "channel": "Geral", "message": "O deploy de ontem foi um sucesso! (9/10)", "timestamp": "2025-09-17T23:44:59.111898"}}
{"service": "publish", "data": {"user": "bot-v9fh4", "channel": "Geral", "message": "O café da máquina nova está bom hoje! (2/10)", "timestamp": "2025-09-17T23:44:59.568027"}}
{"service": "publish", "data": {"user": "bot-ibobg", "channel": "Geral", "message": "Alguém viu a última atualização do projeto? (10/10)", "timestamp": "2025-09-17T23:45:01.036188"}}
{"service": "publish", "data": {"user": "bot-v9fh4", "channel": "Geral", "message": "O deploy de ontem foi um sucesso! (3/10)", "timestamp": "2025-09-17T23:45:01.302209"}}
{"service": "publish", "data": {"user": "bot-v9fh4", "channel": "Geral", "message": "Lembrete: reunião de alinhamento às 15h. (4/10)", "timestamp": "2025-09-17T23:45:02.510746"}}
{"service": "publish", "data": {"user": "bot-v9fh4", "channel": "Geral", "message": "A documentação da nova feature já está no Confluence. (5/10)", "timestamp": "2025-09-17T23:45:04.281498"}}
{"service": "publish", "data": {"user": "bot-v9fh4", "channel": "Geral", "message": "Lembrete: reunião de alinhamento às 15h. (6/10)", "timestamp": "2025-09-17T23:45:04.951931"}}
{"service": "publish", "data": {"user": "bot-v9fh4", "channel": "Geral", "message": "Qual o melhor framework para front-end em 2025? (7/10)", "timestamp": "2025-09-17T23:45:06.489405"}}
{"service": "publish", "data": {"user": "bot-v9fh4", "channel": "Geral", "message": "Preciso de ajuda com um container Docker que não sobe. (8/10)", "timestamp": "2025-09-17T23:45:07.094085"}}
{"service": "publish", "data": {"user": "bot-v9fh4", "channel": "Geral", "message": "Qual o melhor framework para front-end em 2025? (9/10)", "timestamp": "2025-09-17T23:45:07.987287"}}
{"service": "publish", "data": {"user": "bot-v9fh4", "channel": "Geral", "message": "O café da máquina nova está bom hoje! (10/10)", "timestamp": "2025-09-17T23:45:09.217337"}}
{"service": "publish", "data": {"user": "bot-ibobg", "channel": "Geral", "message": "Quem topa um happy hour na sexta? (1/10)", "timestamp": "2025-09-17T23:45:16.731957"}}
{"service": "publish", "data": {"user": "bot-ibobg", "channel": "Geral", "message": "Preciso de ajuda com um container Docker que não sobe. (2/10)", "timestamp": "2025-09-17T23:45:18.011532"}}
{"service": "publish", "data": {"user": "bot-v9fh4", "channel": "Geral", "message": "O café da máquina nova está bom hoje! (1/10)", "timestamp": "2025-09-17T23:45:18.745431"}}
{"service": "publish", "data": {"user": "bot-v9fh4", "channel": "Geral", "message": "Alguém viu a última atualização do projeto? (2/10)", "timestamp": "2025-09-17T23:45:19.699023"}}
{"service": "publish", "data": {"user": "bot-ibobg", "channel": "Geral", "message": "O deploy de ontem foi um sucesso! (3/10)", "timestamp": "2025-09-17T23:45:19.980296"}}
{"service": "publish", "data": {"user": "bot-v9fh4", "channel": "Geral", "message": "A documentação da nova feature já está no Confluence. (3/10)", "timestamp": "2025-09-17T23:45:20.901304"}}
{"service": "publish", "data": {"user": "bot-ibobg", "channel": "Geral", "message": "Alguém viu a última atualização do projeto? (4/10)", "timestamp": "2025-09-17T23:45:21.325079"}}
{"service": "publish", "data": {"user": "bot-v9fh4", "channel": "Geral", "message": "Alguém viu a última atualização do projeto? (4/10)", "timestamp": "2025-09-17T23:45:22.102980"}}
{"service": "publish", "data": {"user": "bot-ibobg", "channel": "Geral", "message": "O deploy de ontem foi um sucesso! (5/10)", "timestamp": "2025-09-17T23:45:22.129424"}}
{"service": "publish", "data": {"user": "bot-v9fh4", "channel": "Geral", "message": "Alguém viu a última atualização do projeto? (5/10)", "timestamp": "2025-09-17T23:45:22.664526"}}
{"service": "publish", "data": {"user": "bot-ibobg", "channel": "Geral", "message": "Lembrete: reunião de alinhamento às 15h. (6/10)", "timestamp": "2025-09-17T23:45:22.903923"}}
{"service": "publish", "data": {"user": "bot-v9fh4", "channel": "Geral", "message": "O deploy de ontem foi um sucesso! (6/10)", "timestamp": "2025-09-17T23:45:23.569111"}}
{"service": "publish", "data": {"user": "bot-ibobg", "channel": "Geral", "message": "Quem topa um happy hour na sexta? (7/10)", "timestamp": "2025-09-17T23:45:24.496678"}}
{"service": "publish", "data": {"user": "bot-v9fh4", "channel": "Geral", "message": "O café da máquina nova está bom hoje! (7/10)", "timestamp": "2025-09-17T23:45:24.643208"}}
{"service": "publish", "data": {"user": "bot-ibobg", "channel": "Geral", "message": "O café da máquina nova está bom hoje! (8/10)", "timestamp": "2025-09-17T23:45:25.289487"}}
{"service": "publish", "data": {"user": "bot-v9fh4", "channel": "Geral", "message": "Acho que encontrei um bug na API de pagamentos. (8/10)", "timestamp": "2025-09-17T23:45:25.528953"}}
{"service": "publish", "data": {"user": "bot-v9fh4", "channel": "Geral", "message": "Alguém viu a última atualização do projeto? (9/10)", "timestamp": "2025-09-17T23:45:26.628198"}}
{"service": "publish", "data": {"user": "bot-ibobg", "channel": "Geral", "message": "A documentação da nova feature já está no Confluence. (9/10)", "timestamp": "2025-09-17T23:45:27.015459"}}
{"service": "publish", "data": {"user": "bot-ibobg", "channel": "Geral", "message": "Quem topa um happy hour na sexta? (10/10)", "timestamp": "2025-09-17T23:45:27.545721"}}
{"service": "publish", "data": {"user": "bot-v9fh4", "channel": "Geral", "message": "Qual o melhor framework para front-end em 2025? (10/10)", "timestamp": "2025-09-17T23:45:27.574219"}}
{"service": "publish", "data": {"user": "bot-ibobg", "channel": "Geral", "message": "A documentação da nova feature já está no Confluence. (1/10)", "timestamp": "2025-09-17T23:45:36.403911"}}
{"service": "publish", "data": {"user": "bot-ibobg", "channel": "Geral", "message": "Acho que encontrei um bug na API de pagamentos. (2/10)", "timestamp": "2025-09-17T23:45:37.903325"}}
{"service": "publish", "data": {"user": "bot-ibobg", "channel": "Geral", "message": "O deploy de ontem foi um sucesso! (3/10)", "timestamp": "2025-09-17T23:45:39.351815"}}
{"service": "publish", "data": {"user": "bot-v9fh4", "channel": "Geral", "message": "Lembrete: reunião de alinhamento às 15h. (1/10)", "timestamp": "2025-09-17T23:45:39.746672"}}
{"service": "publish", "data": {"user": "bot-ibobg", "channel": "Geral", "message": "Quem topa um happy hour na sexta? (4/10)", "timestamp": "2025-09-17T23:45:40.325665"}}
{"service": "publish", "data": {"user": "bot-v9fh4", "channel": "Geral", "message": "Quem topa um happy hour na sexta? (2/10)", "timestamp": "2025-09-17T23:45:41.097567"}}
{"service": "publish", "data": {"user": "bot-ibobg", "channel": "Geral", "message": "O deploy de ontem foi um sucesso! (5/10)", "timestamp": "2025-09-17T23:45:41.405345"}}
{"service": "publish", "data": {"user": "bot-ibobg", "channel": "Geral", "message": "O deploy de ontem foi um sucesso! (6/10)", "timestamp": "2025-09-17T23:45:42.498090"}}
{"service": "publish", "data": {"user": "bot-v9fh4", "channel": "Geral", "message": "Acho que encontrei um bug na API de pagamentos. (3/10)", "timestamp": "2025-09-17T23:45:42.828531"}}
{"service": "publish", "data": {"user": "bot-ibobg", "channel": "Geral", "message": "Acho que encontrei um bug na API de pagamentos. (7/10)", "timestamp": "2025-09-17T23:45:44.169381"}}
{"service": "publish", "data": {"user": "bot-v9fh4", "channel": "Geral", "message": "Alguém viu a última atualização do projeto? (4/10)", "timestamp": "2025-09-17T23:45:44.230324"}}
{"service": "publish", "data": {"user": "bot-ibobg", "channel": "Geral", "message": "A documentação da nova feature já está no Confluence. (8/10)", "timestamp": "2025-09-17T23:45:45.114976"}}
{"service": "publish", "data": {"user": "bot-v9fh4", "channel": "Geral", "message": "Qual o melhor framework para front-end em 2025? (5/10)", "timestamp": "2025-09-17T23:45:45.649680"}}
{"service": "publish", "data": {"user": "bot-v9fh4", "channel": "Geral", "message": "Feliz aniversário para o colega do financeiro! (6/10)", "timestamp": "2025-09-17T23:45:46.226302"}}
{"service": "publish", "data": {"user": "bot-ibobg", "channel": "Geral", "message": "Preciso de ajuda com um container Docker que não sobe. (9/10)", "timestamp": "2025-09-17T23:45:46.385348"}}
{"service": "publish", "data": {"user": "bot-ibobg", "channel": "Geral", "message": "A documentação da nova feature já está no Confluence. (10/10)", "timestamp": "2025-09-17T23:45:47.754254"}}
{"service": "publish", "data": {"user": "bot-v9fh4", "channel": "Geral", "message": "Acho que encontrei um bug na API de pagamentos. (7/10)", "timestamp": "2025-09-17T23:45:48.208227"}}
{"service": "publish", "data": {"user": "bot-v9fh4", "channel": "Geral", "message": "Lembrete: reunião de alinhamento às 15h. (8/10)", "timestamp": "2025-09-17T23:45:49.913226"}}
{"service": "publish", "data": {"user": "bot-v9fh4", "channel": "Geral", "message": "O deploy de ontem foi um sucesso! (9/10)", "timestamp": "2025-09-17T23:45:51.118942"}}
{"service": "publish", "data": {"user": "bot-v9fh4", "channel": "Geral", "message": "Feliz aniversário para o colega do financeiro! (10/10)", "timestamp": "2025-09-17T23:45:52.122517"}}
{"service": "publish", "data": {"user": "bot-ibobg", "channel": "Geral", "message": "Preciso de ajuda com um container Docker que não sobe. (1/10)", "timestamp": "2025-09-17T23:46:00.274228"}}
{"service": "publish", "data": {"user": "bot-v9fh4", "channel": "Geral", "message": "Feliz aniversário para o colega do financeiro! (1/10)", "timestamp": "2025-09-17T23:46:01.301953"}}
{"service": "publish", "data": {"user": "bot-ibobg", "channel": "Geral", "message": "Quem topa um happy hour na sexta? (2/10)", "timestamp": "2025-09-17T23:46:01.606330"}}
{"service": "publish", "data": {"user": "bot-v9fh4", "channel": "Geral", "message": "O deploy de ontem foi um sucesso! (2/10)", "timestamp": "2025-09-17T23:46:03.258372"}}
{"service": "publish", "data": {"user": "bot-ibobg", "channel": "Geral", "message": "Feliz aniversário para o colega do financeiro! (3/10)", "timestamp": "2025-09-17T23:46:03.272621"}}
{"service": "publish", "data": {"user": "bot-ibobg", "channel": "Geral", "message": "O café da máquina nova está bom hoje! (4/10)", "timestamp": "2025-09-17T23:46:04.260137"}}
{"service": "publish", "data": {"user": "bot-v9fh4", "channel": "Geral", "message": "O café da máquina nova está bom hoje! (3/10)", "timestamp": "2025-09-17T23:46:04.703189"}}
{"service": "publish", "data": {"user": "bot-ibobg", "channel": "Geral", "message": "Preciso de ajuda com um container Docker que não sobe. (5/10)", "timestamp": "2025-09-17T23:46:05.210758"}}
{"service": "publish", "data": {"user": "bot-v9fh4", "channel": "Geral", "message": "Lembrete: reunião de alinhamento às 15h. (4/10)", "timestamp": "2025-09-17T23:46:05.332562"}}
{"service": "publish", "data": {"user": "bot-v9fh4", "channel": "Geral", "message": "Quem topa um happy hour na sexta? (5/10)", "timestamp": "2025-09-17T23:46:06.185049"}}
{"service": "publish", "data": {"user": "bot-ibobg", "channel": "Geral", "message": "Feliz aniversário para o colega do financeiro! (6/10)", "timestamp": "2025-09-17T23:46:06.876540"}}
{"service": "publish", "data": {"user": "bot-v9fh4", "channel": "Geral", "message": "A documentação da nova feature já está no Confluence. (6/10)", "timestamp": "2025-09-17T23:46:07.107237"}}
{"service": "publish", "data": {"user": "bot-v9fh4", "channel": "Geral", "message": "O deploy de ontem foi um sucesso! (7/10)", "timestamp": "2025-09-17T23:46:07.716445"}}
{"service": "publish", "data": {"user": "bot-ibobg", "channel": "Geral", "message": "Alguém viu a última atualização do projeto? (7/10)", "timestamp": "2025-09-17T23:46:08.868289"}}
{"service": "publish", "data": {"user": "bot-v9fh4", "channel": "Geral", "message": "Alguém viu a última atualização do projeto? (8/10)", "timestamp": "2025-09-17T23:46:09.088667"}}
{"service": "publish", "data": {"user": "bot-ibobg", "channel": "Geral", "message": "A documentação da nova feature já está no Confluence. (8/10)", "timestamp": "2025-09-17T23:46:09.796659"}}
{"service": "publish", "data": {"user": "bot-v9fh4", "channel": "Geral", "message": "O café da máquina nova está bom hoje! (9/10)", "timestamp": "2025-09-17T23:46:10.868518"}}
{"service": "publish", "data": {"user": "bot-ibobg", "channel": "Geral", "message": "Alguém viu a última atualização do projeto? (9/10)", "timestamp": "2025-09-17T23:46:11.005259"}}
{"service": "publish", "data": {"user": "bot-v9fh4", "channel": "Geral", "message": "Acho que encontrei um bug na API de pagamentos. (10/10)", "timestamp": "2025-09-17T23:46:11.897216"}}
{"service": "publish", "data": {"user": "bot-ibobg", "channel": "Geral", "message": "Lembrete: reunião de alinhamento às 15h. (10/10)", "timestamp": "2025-09-17T23:46:12.572672"}}
{"service": "publish", "data": {"user": "bot-v9fh4", "channel": "Geral", "message": "Alguém viu a última atualização do projeto? (1/10)", "timestamp": "2025-09-17T23:46:19.218281"}}
{"service": "publish", "data": {"user": "bot-v9fh4", "channel": "Geral", "message": "A documentação da nova feature já está no Confluence. (2/10)", "timestamp": "2025-09-17T23:46:19.766107"}}
{"service": "publish", "data": {"user": "bot-v9fh4", "channel": "Geral", "message": "Qual o melhor framework para front-end em 2025? (3/10)", "timestamp": "2025-09-17T23:46:20.889380"}}
{"service": "publish", "data": {"user": "bot-ibobg", "channel": "Geral", "message": "Qual o melhor framework para front-end em 2025? (1/10)", "timestamp": "2025-09-17T23:46:22.247232"}}
{"service": "publish", "data": {"user": "bot-v9fh4", "channel": "Geral", "message": "O café da máquina nova está bom hoje! (4/10)", "timestamp": "2025-09-17T23:46:22.699962"}}
{"service": "publish", "data": {"user": "bot-v9fh4", "channel": "Geral", "message": "A documentação da nova feature já está no Confluence. (5/10)", "timestamp": "2025-09-17T23:46:23.894544"}}
{"service": "publish", "data": {"user": "bot-ibobg", "channel": "Geral", "message": "O deploy de ontem foi um sucesso! (2/10)", "timestamp": "2025-09-17T23:46:24.153080"}}
{"service": "publish", "data": {"user": "bot-ibobg", "channel": "Geral", "message": "O deploy de ontem foi um sucesso! (3/10)", "timestamp": "2025-09-17T23:46:24.803001"}}
{"service": "publish", "data": {"user": "bot-v9fh4", "channel": "Geral", "message": "A documentação da nova feature já está no Confluence. (6/10)", "timestamp": "2025-09-17T23:46:25.183415"}}
{"service": "publish", "data": {"user": "bot-ibobg", "channel": "Geral", "message": "Preciso de ajuda com um container Docker que não sobe. (4/10)", "timestamp": "2025-09-17T23:46:26.265668"}}
{"service": "publish", "data": {"user": "bot-v9fh4", "channel": "Geral", "message": "Acho que encontrei um bug na API de pagamentos. (7/10)", "timestamp": "2025-09-17T23:46:26.557699"}}
{"service": "publish", "data": {"user": "bot-v9fh4", "channel": "Geral", "message": "Quem topa um happy hour na sexta? (8/10)", "timestamp": "2025-09-17T23:46:27.152054"}}
{"service": "publish", "data": {"user": "bot-ibobg", "channel": "Geral", "message": "O deploy de ontem foi um sucesso! (5/10)", "timestamp": "2025-09-17T23:46:27.704256"}}
{"service": "publish", "data": {"user": "bot-ibobg", "channel": "Geral", "message": "Alguém viu a última atualização do projeto? (6/10)", "timestamp": "2025-09-17T23:46:28.411030"}}
{"service": "publish", "data": {"user": "bot-v9fh4", "channel": "Geral", "message": "A documentação da nova feature já está no Confluence. (9/10)", "timestamp": "2025-09-17T23:46:29.028811"}}
{"service": "publish", "data": {"user": "bot-ibobg", "channel": "Geral", "message": "Preciso de ajuda com um container Docker que não sobe. (7/10)", "timestamp": "2025-09-17T23:46:29.220984"}}
